<?xml version="1.0" encoding="UTF-8"?>
<testsuite name="com.example.kopringstudy.MemberServiceImplTest" tests="1" skipped="0" failures="0" errors="0" timestamp="2023-12-26T15:37:33" hostname="ieunhwacBookPro.Davolink" time="0.39">
  <properties/>
  <testcase name="member 조회에 성공한다." classname="com.example.kopringstudy.MemberServiceImplTest" time="0.39"/>
  <system-out><![CDATA[00:37:30.389 [Test worker] INFO org.springframework.test.context.support.AnnotationConfigContextLoaderUtils -- Could not detect default configuration classes for test class [com.example.kopringstudy.MemberServiceImplTest]: MemberServiceImplTest does not declare any static, non-private, non-final, nested classes annotated with @Configuration.
00:37:30.444 [Test worker] INFO org.springframework.boot.test.context.SpringBootTestContextBootstrapper -- Found @SpringBootConfiguration com.example.kopringstudy.KopringStudyApplication for test class com.example.kopringstudy.MemberServiceImplTest

  .   ____          _            __ _ _
 /\\ / ___'_ __ _ _(_)_ __  __ _ \ \ \ \
( ( )\___ | '_ | '_| | '_ \/ _` | \ \ \ \
 \\/  ___)| |_)| | | | | || (_| |  ) ) ) )
  '  |____| .__|_| |_|_| |_\__, | / / / /
 =========|_|==============|___/=/_/_/_/
 :: Spring Boot ::                (v3.2.1)

2023-12-27T00:37:30.640+09:00  INFO 9809 --- [    Test worker] c.e.kopringstudy.MemberServiceImplTest   : Starting MemberServiceImplTest using Java 19.0.1 with PID 9809 (started by eunhwa in /Users/eunhwa/IdeaProjects/kopring_study/Kopring-Master)
2023-12-27T00:37:30.640+09:00  INFO 9809 --- [    Test worker] c.e.kopringstudy.MemberServiceImplTest   : No active profile set, falling back to 1 default profile: "default"
2023-12-27T00:37:31.138+09:00  INFO 9809 --- [    Test worker] .s.d.r.c.RepositoryConfigurationDelegate : Bootstrapping Spring Data JPA repositories in DEFAULT mode.
2023-12-27T00:37:31.168+09:00  INFO 9809 --- [    Test worker] .s.d.r.c.RepositoryConfigurationDelegate : Finished Spring Data repository scanning in 26 ms. Found 1 JPA repository interface.
2023-12-27T00:37:31.514+09:00  INFO 9809 --- [    Test worker] com.zaxxer.hikari.HikariDataSource       : HikariPool-1 - Starting...
2023-12-27T00:37:31.618+09:00  INFO 9809 --- [    Test worker] com.zaxxer.hikari.pool.HikariPool        : HikariPool-1 - Added connection conn0: url=jdbc:h2:mem:d47718a4-a3cf-4b60-af49-916995491c03 user=SA
2023-12-27T00:37:31.619+09:00  INFO 9809 --- [    Test worker] com.zaxxer.hikari.HikariDataSource       : HikariPool-1 - Start completed.
2023-12-27T00:37:31.646+09:00  INFO 9809 --- [    Test worker] o.hibernate.jpa.internal.util.LogHelper  : HHH000204: Processing PersistenceUnitInfo [name: default]
2023-12-27T00:37:31.677+09:00  INFO 9809 --- [    Test worker] org.hibernate.Version                    : HHH000412: Hibernate ORM core version 6.4.1.Final
2023-12-27T00:37:31.696+09:00  INFO 9809 --- [    Test worker] o.h.c.internal.RegionFactoryInitiator    : HHH000026: Second-level cache disabled
2023-12-27T00:37:31.820+09:00  INFO 9809 --- [    Test worker] o.s.o.j.p.SpringPersistenceUnitInfo      : No LoadTimeWeaver setup: ignoring JPA class transformer
2023-12-27T00:37:32.272+09:00  INFO 9809 --- [    Test worker] o.h.e.t.j.p.i.JtaPlatformInitiator       : HHH000489: No JTA platform available (set 'hibernate.transaction.jta.platform' to enable JTA platform integration)
2023-12-27T00:37:32.290+09:00  INFO 9809 --- [    Test worker] j.LocalContainerEntityManagerFactoryBean : Initialized JPA EntityManagerFactory for persistence unit 'default'
2023-12-27T00:37:32.840+09:00  WARN 9809 --- [    Test worker] JpaBaseConfiguration$JpaWebConfiguration : spring.jpa.open-in-view is enabled by default. Therefore, database queries may be performed during view rendering. Explicitly configure spring.jpa.open-in-view to disable this warning
2023-12-27T00:37:33.382+09:00  INFO 9809 --- [    Test worker] o.s.b.a.e.web.EndpointLinksResolver      : Exposing 1 endpoint(s) beneath base path '/actuator'
2023-12-27T00:37:33.439+09:00  INFO 9809 --- [    Test worker] c.e.kopringstudy.MemberServiceImplTest   : Started MemberServiceImplTest in 2.918 seconds (process running for 3.536)
]]></system-out>
  <system-err><![CDATA[]]></system-err>
</testsuite>
